mba-sample/build/intermediates/manifest_merge_blame_file/debug/processDebugMainManifest/manifest-merger-blame-debug-report.txt
1<?xml version="1.0" encoding="utf-8"?>
2<manifest xmlns:android="http://schemas.android.com/apk/res/android"
3    package="dev.sunnat629.mba.sample"
4    android:versionCode="1"
5    android:versionName="1.0" >
6
7    <uses-sdk
7-->INJECTED
8        android:minSdkVersion="26"
8-->INJECTED
9        android:targetSdkVersion="36" />
9-->INJECTED
10
11    <uses-permission android:name="android.permission.WAKE_LOCK" />
11-->[androidx.work:work-runtime:2.11.2] AndroidManifest.xml:23:5-68
11-->[androidx.work:work-runtime:2.11.2] AndroidManifest.xml:23:22-65
12    <uses-permission android:name="android.permission.ACCESS_NETWORK_STATE" />
12-->[androidx.work:work-runtime:2.11.2] AndroidManifest.xml:24:5-79
12-->[androidx.work:work-runtime:2.11.2] AndroidManifest.xml:24:22-76
13    <uses-permission android:name="android.permission.RECEIVE_BOOT_COMPLETED" />
13-->[androidx.work:work-runtime:2.11.2] AndroidManifest.xml:25:5-81
13-->[androidx.work:work-runtime:2.11.2] AndroidManifest.xml:25:22-78
14    <uses-permission android:name="android.permission.FOREGROUND_SERVICE" />
14-->[androidx.work:work-runtime:2.11.2] AndroidManifest.xml:26:5-77
14-->[androidx.work:work-runtime:2.11.2] AndroidManifest.xml:26:22-74
15
16    <permission
16-->[androidx.core:core:1.18.0] AndroidManifest.xml:22:5-24:47
17        android:name="dev.sunnat629.mba.sample.DYNAMIC_RECEIVER_NOT_EXPORTED_PERMISSION"
17-->[androidx.core:core:1.18.0] AndroidManifest.xml:23:9-81
18        android:protectionLevel="signature" />
18-->[androidx.core:core:1.18.0] AndroidManifest.xml:24:9-44
19
20    <uses-permission android:name="dev.sunnat629.mba.sample.DYNAMIC_RECEIVER_NOT_EXPORTED_PERMISSION" />
20-->[androidx.core:core:1.18.0] AndroidManifest.xml:26:5-97
20-->[androidx.core:core:1.18.0] AndroidManifest.xml:26:22-94
21    <uses-permission android:name="android.permission.INTERNET" />
21-->[com.squareup.okhttp3:okhttp-android:5.3.2] AndroidManifest.xml:8:5-67
21-->[com.squareup.okhttp3:okhttp-android:5.3.2] AndroidManifest.xml:8:22-64
22
23    <application
23-->src/main/AndroidManifest.xml:3:5-19:19
24        android:name="dev.sunnat629.mba.sample.SampleApplication"
24-->src/main/AndroidManifest.xml:4:9-42
25        android:allowBackup="true"
25-->src/main/AndroidManifest.xml:6:9-35
26        android:appComponentFactory="androidx.core.app.CoreComponentFactory"
26-->[androidx.core:core:1.18.0] AndroidManifest.xml:28:18-86
27        android:debuggable="true"
28        android:extractNativeLibs="false"
28-->INJECTED
29        android:label="MBA Sample"
29-->src/main/AndroidManifest.xml:5:9-35
30        android:supportsRtl="true"
30-->src/main/AndroidManifest.xml:7:9-35
31        android:testOnly="true"
32        android:theme="@style/Theme.MBASample" >
32-->src/main/AndroidManifest.xml:8:9-47
33        <activity
33-->src/main/AndroidManifest.xml:10:9-17:20
34            android:name="dev.sunnat629.mba.sample.MainActivity"
34-->src/main/AndroidManifest.xml:11:13-41
35            android:exported="true" >
35-->src/main/AndroidManifest.xml:12:13-36
36            <intent-filter>
36-->src/main/AndroidManifest.xml:13:13-16:29
37                <action android:name="android.intent.action.MAIN" />
37-->src/main/AndroidManifest.xml:14:17-69
37-->src/main/AndroidManifest.xml:14:25-66
38
39                <category android:name="android.intent.category.LAUNCHER" />
39-->src/main/AndroidManifest.xml:15:17-77
39-->src/main/AndroidManifest.xml:15:27-74
40            </intent-filter>
41        </activity>
42        <activity
42-->[androidx.compose.ui:ui-tooling-android:1.10.6] AndroidManifest.xml:23:9-25:39
43            android:name="androidx.compose.ui.tooling.PreviewActivity"
43-->[androidx.compose.ui:ui-tooling-android:1.10.6] AndroidManifest.xml:24:13-71
44            android:exported="true" />
44-->[androidx.compose.ui:ui-tooling-android:1.10.6] AndroidManifest.xml:25:13-36
45        <activity
45-->[androidx.compose.ui:ui-test-manifest:1.10.6] AndroidManifest.xml:23:9-26:79
46            android:name="androidx.activity.ComponentActivity"
46-->[androidx.compose.ui:ui-test-manifest:1.10.6] AndroidManifest.xml:24:13-63
47            android:exported="true"
47-->[androidx.compose.ui:ui-test-manifest:1.10.6] AndroidManifest.xml:25:13-36
48            android:theme="@android:style/Theme.Material.Light.NoActionBar" />
48-->[androidx.compose.ui:ui-test-manifest:1.10.6] AndroidManifest.xml:26:13-76
49
50        <provider
50-->[androidx.work:work-runtime:2.11.2] AndroidManifest.xml:29:9-37:20
51            android:name="androidx.startup.InitializationProvider"
51-->[androidx.work:work-runtime:2.11.2] AndroidManifest.xml:30:13-67
52            android:authorities="dev.sunnat629.mba.sample.androidx-startup"
52-->[androidx.work:work-runtime:2.11.2] AndroidManifest.xml:31:13-68
53            android:exported="false" >
53-->[androidx.work:work-runtime:2.11.2] AndroidManifest.xml:32:13-37
54            <meta-data
54-->[androidx.work:work-runtime:2.11.2] AndroidManifest.xml:34:13-36:52
55                android:name="androidx.work.WorkManagerInitializer"
55-->[androidx.work:work-runtime:2.11.2] AndroidManifest.xml:35:17-68
56                android:value="androidx.startup" />
56-->[androidx.work:work-runtime:2.11.2] AndroidManifest.xml:36:17-49
57            <meta-data
57-->[androidx.emoji2:emoji2:1.4.0] AndroidManifest.xml:29:13-31:52
58                android:name="androidx.emoji2.text.EmojiCompatInitializer"
58-->[androidx.emoji2:emoji2:1.4.0] AndroidManifest.xml:30:17-75
59                android:value="androidx.startup" />
59-->[androidx.emoji2:emoji2:1.4.0] AndroidManifest.xml:31:17-49
60            <meta-data
60-->[androidx.lifecycle:lifecycle-process:2.9.4] AndroidManifest.xml:29:13-31:52
61                android:name="androidx.lifecycle.ProcessLifecycleInitializer"
61-->[androidx.lifecycle:lifecycle-process:2.9.4] AndroidManifest.xml:30:17-78
62                android:value="androidx.startup" />
62-->[androidx.lifecycle:lifecycle-process:2.9.4] AndroidManifest.xml:31:17-49
63            <meta-data
63-->[androidx.profileinstaller:profileinstaller:1.4.0] AndroidManifest.xml:29:13-31:52
64                android:name="androidx.profileinstaller.ProfileInstallerInitializer"
64-->[androidx.profileinstaller:profileinstaller:1.4.0] AndroidManifest.xml:30:17-85
65                android:value="androidx.startup" />
65-->[androidx.profileinstaller:profileinstaller:1.4.0] AndroidManifest.xml:31:17-49
66            <meta-data
66-->[com.squareup.okhttp3:okhttp-android:5.3.2] AndroidManifest.xml:16:13-18:52
67                android:name="okhttp3.internal.platform.PlatformInitializer"
67-->[com.squareup.okhttp3:okhttp-android:5.3.2] AndroidManifest.xml:17:17-77
68                android:value="androidx.startup" />
68-->[com.squareup.okhttp3:okhttp-android:5.3.2] AndroidManifest.xml:18:17-49
69        </provider>
70
71        <service
71-->[androidx.work:work-runtime:2.11.2] AndroidManifest.xml:39:9-45:35
72            android:name="androidx.work.impl.background.systemjob.SystemJobService"
72-->[androidx.work:work-runtime:2.11.2] AndroidManifest.xml:40:13-84
73            android:directBootAware="false"
73-->[androidx.work:work-runtime:2.11.2] AndroidManifest.xml:41:13-44
74            android:enabled="@bool/enable_system_job_service_default"
74-->[androidx.work:work-runtime:2.11.2] AndroidManifest.xml:42:13-70
75            android:exported="true"
75-->[androidx.work:work-runtime:2.11.2] AndroidManifest.xml:43:13-36
76            android:permission="android.permission.BIND_JOB_SERVICE" />
76-->[androidx.work:work-runtime:2.11.2] AndroidManifest.xml:44:13-69
77        <service
77-->[androidx.work:work-runtime:2.11.2] AndroidManifest.xml:46:9-52:35
78            android:name="androidx.work.impl.foreground.SystemForegroundService"
78-->[androidx.work:work-runtime:2.11.2] AndroidManifest.xml:47:13-81
79            android:directBootAware="false"
79-->[androidx.work:work-runtime:2.11.2] AndroidManifest.xml:48:13-44
80            android:enabled="@bool/enable_system_foreground_service_default"
80-->[androidx.work:work-runtime:2.11.2] AndroidManifest.xml:49:13-77
81            android:exported="false" />
81-->[androidx.work:work-runtime:2.11.2] AndroidManifest.xml:50:13-37
82
83        <receiver
83-->[androidx.work:work-runtime:2.11.2] AndroidManifest.xml:54:9-59:35
84            android:name="androidx.work.impl.utils.ForceStopRunnable$BroadcastReceiver"
84-->[androidx.work:work-runtime:2.11.2] AndroidManifest.xml:55:13-88
85            android:directBootAware="false"
85-->[androidx.work:work-runtime:2.11.2] AndroidManifest.xml:56:13-44
86            android:enabled="true"
86-->[androidx.work:work-runtime:2.11.2] AndroidManifest.xml:57:13-35
87            android:exported="false" />
87-->[androidx.work:work-runtime:2.11.2] AndroidManifest.xml:58:13-37
88        <receiver
88-->[androidx.work:work-runtime:2.11.2] AndroidManifest.xml:60:9-69:20
89            android:name="androidx.work.impl.background.systemalarm.RescheduleReceiver"
89-->[androidx.work:work-runtime:2.11.2] AndroidManifest.xml:61:13-88
90            android:directBootAware="false"
90-->[androidx.work:work-runtime:2.11.2] AndroidManifest.xml:62:13-44
91            android:enabled="false"
91-->[androidx.work:work-runtime:2.11.2] AndroidManifest.xml:63:13-36
92            android:exported="false" >
92-->[androidx.work:work-runtime:2.11.2] AndroidManifest.xml:64:13-37
93            <intent-filter>
93-->[androidx.work:work-runtime:2.11.2] AndroidManifest.xml:66:13-68:29
94                <action android:name="android.intent.action.BOOT_COMPLETED" />
94-->[androidx.work:work-runtime:2.11.2] AndroidManifest.xml:67:17-79
94-->[androidx.work:work-runtime:2.11.2] AndroidManifest.xml:67:25-76
95            </intent-filter>
96        </receiver>
97        <receiver
97-->[androidx.work:work-runtime:2.11.2] AndroidManifest.xml:70:9-80:20
98            android:name="androidx.work.impl.diagnostics.DiagnosticsReceiver"
98-->[androidx.work:work-runtime:2.11.2] AndroidManifest.xml:71:13-78
99            android:directBootAware="false"
99-->[androidx.work:work-runtime:2.11.2] AndroidManifest.xml:72:13-44
100            android:enabled="true"
100-->[androidx.work:work-runtime:2.11.2] AndroidManifest.xml:73:13-35
101            android:exported="true"
101-->[androidx.work:work-runtime:2.11.2] AndroidManifest.xml:74:13-36
102            android:permission="android.permission.DUMP" >
102-->[androidx.work:work-runtime:2.11.2] AndroidManifest.xml:75:13-57
103            <intent-filter>
103-->[androidx.work:work-runtime:2.11.2] AndroidManifest.xml:77:13-79:29
104                <action android:name="androidx.work.diagnostics.REQUEST_DIAGNOSTICS" />
104-->[androidx.work:work-runtime:2.11.2] AndroidManifest.xml:78:17-88
104-->[androidx.work:work-runtime:2.11.2] AndroidManifest.xml:78:25-85
105            </intent-filter>
106        </receiver>
107
108        <uses-library
108-->[androidx.window:window:1.5.0] AndroidManifest.xml:23:9-25:40
109            android:name="androidx.window.extensions"
109-->[androidx.window:window:1.5.0] AndroidManifest.xml:24:13-54
110            android:required="false" />
110-->[androidx.window:window:1.5.0] AndroidManifest.xml:25:13-37
111        <uses-library
111-->[androidx.window:window:1.5.0] AndroidManifest.xml:26:9-28:40
112            android:name="androidx.window.sidecar"
112-->[androidx.window:window:1.5.0] AndroidManifest.xml:27:13-51
113            android:required="false" />
113-->[androidx.window:window:1.5.0] AndroidManifest.xml:28:13-37
114
115        <service
115-->[androidx.room:room-runtime-android:2.7.0] AndroidManifest.xml:24:9-28:63
116            android:name="androidx.room.MultiInstanceInvalidationService"
116-->[androidx.room:room-runtime-android:2.7.0] AndroidManifest.xml:25:13-74
117            android:directBootAware="true"
117-->[androidx.room:room-runtime-android:2.7.0] AndroidManifest.xml:26:13-43
118            android:exported="false" />
118-->[androidx.room:room-runtime-android:2.7.0] AndroidManifest.xml:27:13-37
119
120        <receiver
120-->[androidx.profileinstaller:profileinstaller:1.4.0] AndroidManifest.xml:34:9-52:20
121            android:name="androidx.profileinstaller.ProfileInstallReceiver"
121-->[androidx.profileinstaller:profileinstaller:1.4.0] AndroidManifest.xml:35:13-76
122            android:directBootAware="false"
122-->[androidx.profileinstaller:profileinstaller:1.4.0] AndroidManifest.xml:36:13-44
123            android:enabled="true"
123-->[androidx.profileinstaller:profileinstaller:1.4.0] AndroidManifest.xml:37:13-35
124            android:exported="true"
124-->[androidx.profileinstaller:profileinstaller:1.4.0] AndroidManifest.xml:38:13-36
125            android:permission="android.permission.DUMP" >
125-->[androidx.profileinstaller:profileinstaller:1.4.0] AndroidManifest.xml:39:13-57
126            <intent-filter>
126-->[androidx.profileinstaller:profileinstaller:1.4.0] AndroidManifest.xml:40:13-42:29
127                <action android:name="androidx.profileinstaller.action.INSTALL_PROFILE" />
127-->[androidx.profileinstaller:profileinstaller:1.4.0] AndroidManifest.xml:41:17-91
127-->[androidx.profileinstaller:profileinstaller:1.4.0] AndroidManifest.xml:41:25-88
128            </intent-filter>
129            <intent-filter>
129-->[androidx.profileinstaller:profileinstaller:1.4.0] AndroidManifest.xml:43:13-45:29
130                <action android:name="androidx.profileinstaller.action.SKIP_FILE" />
130-->[androidx.profileinstaller:profileinstaller:1.4.0] AndroidManifest.xml:44:17-85
130-->[androidx.profileinstaller:profileinstaller:1.4.0] AndroidManifest.xml:44:25-82
131            </intent-filter>
132            <intent-filter>
132-->[androidx.profileinstaller:profileinstaller:1.4.0] AndroidManifest.xml:46:13-48:29
133                <action android:name="androidx.profileinstaller.action.SAVE_PROFILE" />
133-->[androidx.profileinstaller:profileinstaller:1.4.0] AndroidManifest.xml:47:17-88
133-->[androidx.profileinstaller:profileinstaller:1.4.0] AndroidManifest.xml:47:25-85
134            </intent-filter>
135            <intent-filter>
135-->[androidx.profileinstaller:profileinstaller:1.4.0] AndroidManifest.xml:49:13-51:29
136                <action android:name="androidx.profileinstaller.action.BENCHMARK_OPERATION" />
136-->[androidx.profileinstaller:profileinstaller:1.4.0] AndroidManifest.xml:50:17-95
136-->[androidx.profileinstaller:profileinstaller:1.4.0] AndroidManifest.xml:50:25-92
137            </intent-filter>
138        </receiver>
139    </application>
140
141</manifest>